<?xml version="1.0" encoding="UTF-8"?>
<testng-results ignored="0" total="3" passed="3" failed="0" skipped="0">
  <reporter-output>
  </reporter-output>
  <suite started-at="2021-03-19T13:16:01 IST" name="Default suite" finished-at="2021-03-19T13:16:07 IST" duration-ms="5889">
    <groups>
    </groups>
    <test started-at="2021-03-19T13:16:01 IST" name="Default test" finished-at="2021-03-19T13:16:07 IST" duration-ms="5889">
      <class name="firsttest.PutPatchDeleteExamples">
        <test-method signature="testDelete()[pri:0, instance:firsttest.PutPatchDeleteExamples@757acd7b]" started-at="2021-03-19T13:16:01 IST" name="testDelete" finished-at="2021-03-19T13:16:05 IST" duration-ms="4175" status="PASS">
          <reporter-output>
          </reporter-output>
        </test-method> <!-- testDelete -->
        <test-method signature="testPatch()[pri:0, instance:firsttest.PutPatchDeleteExamples@757acd7b]" started-at="2021-03-19T13:16:05 IST" name="testPatch" finished-at="2021-03-19T13:16:06 IST" duration-ms="880" status="PASS">
          <reporter-output>
          </reporter-output>
        </test-method> <!-- testPatch -->
        <test-method signature="testPut()[pri:0, instance:firsttest.PutPatchDeleteExamples@757acd7b]" started-at="2021-03-19T13:16:06 IST" name="testPut" finished-at="2021-03-19T13:16:07 IST" duration-ms="773" status="PASS">
          <reporter-output>
          </reporter-output>
        </test-method> <!-- testPut -->
      </class> <!-- firsttest.PutPatchDeleteExamples -->
    </test> <!-- Default test -->
  </suite> <!-- Default suite -->
</testng-results>
