<?xml version="1.0" encoding="UTF-8"?>
<!-- Generated by org.testng.reporters.JUnitXMLReporter -->
<testsuite ignored="0" hostname="NTINLTP1800632" failures="0" tests="3" name="Default test" time="5.889" errors="0" timestamp="2021-03-19T13:16:07 IST">
  <testcase classname="firsttest.PutPatchDeleteExamples" name="testDelete" time="4.175"/>
  <testcase classname="firsttest.PutPatchDeleteExamples" name="testPatch" time="0.88"/>
  <testcase classname="firsttest.PutPatchDeleteExamples" name="testPut" time="0.773"/>
</testsuite> <!-- Default test -->
